<?xml version="1.0" encoding="UTF-8"?>
<testsuite xmlns:xsi="http://www.w3.org/2001/XMLSchema-instance" xsi:noNamespaceSchemaLocation="https://maven.apache.org/surefire/maven-surefire-plugin/xsd/surefire-test-report-3.0.xsd" version="3.0" name="org.mikudd3.test.TestCourse" time="0.067" tests="4" errors="3" skipped="0" failures="0">
  <properties>
    <property name="java.specification.version" value="17"/>
    <property name="sun.cpu.isalist" value="amd64"/>
    <property name="sun.jnu.encoding" value="GBK"/>
    <property name="java.class.path" value="E:\Java\code\Mybatis-demo\target\test-classes;E:\Java\code\Mybatis-demo\target\classes;E:\Java\apache-maven-3.9.2\mvn_resp\org\mybatis\mybatis\3.5.13\mybatis-3.5.13.jar;E:\Java\apache-maven-3.9.2\mvn_resp\com\mysql\mysql-connector-j\8.0.32\mysql-connector-j-8.0.32.jar;E:\Java\apache-maven-3.9.2\mvn_resp\com\google\protobuf\protobuf-java\3.21.9\protobuf-java-3.21.9.jar;E:\Java\apache-maven-3.9.2\mvn_resp\junit\junit\4.13\junit-4.13.jar;E:\Java\apache-maven-3.9.2\mvn_resp\org\hamcrest\hamcrest-core\1.3\hamcrest-core-1.3.jar;"/>
    <property name="java.vm.vendor" value="Oracle Corporation"/>
    <property name="sun.arch.data.model" value="64"/>
    <property name="user.variant" value=""/>
    <property name="java.vendor.url" value="https://java.oracle.com/"/>
    <property name="user.timezone" value="Asia/Hong_Kong"/>
    <property name="user.country.format" value="HK"/>
    <property name="os.name" value="Windows 11"/>
    <property name="java.vm.specification.version" value="17"/>
    <property name="sun.java.launcher" value="SUN_STANDARD"/>
    <property name="user.country" value="CN"/>
    <property name="sun.boot.library.path" value="E:\Java\java17\bin"/>
    <property name="sun.java.command" value="C:\Users\mikudd\AppData\Local\Temp\surefire2007812842531901164\surefirebooter-20230529184504257_3.jar C:\Users\mikudd\AppData\Local\Temp\surefire2007812842531901164 2023-05-29T18-45-04_051-jvmRun1 surefire-20230529184504257_1tmp surefire_0-20230529184504257_2tmp"/>
    <property name="jdk.debug" value="release"/>
    <property name="surefire.test.class.path" value="E:\Java\code\Mybatis-demo\target\test-classes;E:\Java\code\Mybatis-demo\target\classes;E:\Java\apache-maven-3.9.2\mvn_resp\org\mybatis\mybatis\3.5.13\mybatis-3.5.13.jar;E:\Java\apache-maven-3.9.2\mvn_resp\com\mysql\mysql-connector-j\8.0.32\mysql-connector-j-8.0.32.jar;E:\Java\apache-maven-3.9.2\mvn_resp\com\google\protobuf\protobuf-java\3.21.9\protobuf-java-3.21.9.jar;E:\Java\apache-maven-3.9.2\mvn_resp\junit\junit\4.13\junit-4.13.jar;E:\Java\apache-maven-3.9.2\mvn_resp\org\hamcrest\hamcrest-core\1.3\hamcrest-core-1.3.jar;"/>
    <property name="sun.cpu.endian" value="little"/>
    <property name="user.home" value="C:\Users\mikudd"/>
    <property name="user.language" value="zh"/>
    <property name="java.specification.vendor" value="Oracle Corporation"/>
    <property name="java.version.date" value="2022-10-18"/>
    <property name="java.home" value="E:\Java\java17"/>
    <property name="file.separator" value="\"/>
    <property name="basedir" value="E:\Java\code\Mybatis-demo"/>
    <property name="java.vm.compressedOopsMode" value="Zero based"/>
    <property name="line.separator" value="&#10;"/>
    <property name="java.vm.specification.vendor" value="Oracle Corporation"/>
    <property name="java.specification.name" value="Java Platform API Specification"/>
    <property name="surefire.real.class.path" value="C:\Users\mikudd\AppData\Local\Temp\surefire2007812842531901164\surefirebooter-20230529184504257_3.jar"/>
    <property name="user.script" value=""/>
    <property name="user.script.format" value="Hans"/>
    <property name="sun.management.compiler" value="HotSpot 64-Bit Tiered Compilers"/>
    <property name="java.runtime.version" value="17.0.5+9-LTS-191"/>
    <property name="user.name" value="mikudd"/>
    <property name="path.separator" value=";"/>
    <property name="os.version" value="10.0"/>
    <property name="java.runtime.name" value="Java(TM) SE Runtime Environment"/>
    <property name="file.encoding" value="GBK"/>
    <property name="java.vm.name" value="Java HotSpot(TM) 64-Bit Server VM"/>
    <property name="localRepository" value="E:\Java\apache-maven-3.9.2\mvn_resp"/>
    <property name="java.vendor.url.bug" value="https://bugreport.java.com/bugreport/"/>
    <property name="java.io.tmpdir" value="C:\Users\mikudd\AppData\Local\Temp\"/>
    <property name="idea.version" value="2022.3.2"/>
    <property name="java.version" value="17.0.5"/>
    <property name="user.dir" value="E:\Java\code\Mybatis-demo"/>
    <property name="os.arch" value="amd64"/>
    <property name="java.vm.specification.name" value="Java Virtual Machine Specification"/>
    <property name="sun.os.patch.level" value=""/>
    <property name="native.encoding" value="GBK"/>
    <property name="java.library.path" value="E:\Java\java17\bin;C:\WINDOWS\Sun\Java\bin;C:\WINDOWS\system32;C:\WINDOWS;E:\Java\java17\bin;C:\Program Files (x86)\NVIDIA Corporation\PhysX\Common;C:\Program Files\Common Files\Oracle\Java\javapath;C:\Program Files (x86)\Common Files\Oracle\Java\javapath;C:\WINDOWS\system32;E:\Java\apache-maven-3.9.2\bin;C:\WINDOWS;C:\WINDOWS\System32\Wbem;C:\WINDOWS\System32\WindowsPowerShell\v1.0\;C:\WINDOWS\System32\OpenSSH\;D:\新建文件夹\Bandizip\;C:\P;ogram Files\dotnet\;C:\TDM-GCC-64\bin;E:\Java\java17\jre\bin;C:\Users\mikudd\AppData\Roaming\Microsoft\Windows\Start Menu\Programs\Python 3.10;E:\Git\cmd;C:\Program Files\MySQL\MySQL Server 8.0\bin\mysqld.exe;C:\Program Files\MySQL\MySQL Shell 8.0\bin\;C:\Users\mikudd\AppData\Local\Programs\Python\Python310\Scripts\;C:\Users\mikudd\AppData\Local\Programs\Python\Python310\;C:\Users\mikudd\AppData\Local\Microsoft\WindowsApps;C:\Users\mikudd\.dotnet\tools;E:\Microsoft VS Code\bin;C:\Users\mikudd\AppData\Local\GitHubDesktop\bin;."/>
    <property name="java.vm.info" value="mixed mode, sharing"/>
    <property name="java.vendor" value="Oracle Corporation"/>
    <property name="java.vm.version" value="17.0.5+9-LTS-191"/>
    <property name="sun.io.unicode.encoding" value="UnicodeLittle"/>
    <property name="java.class.version" value="61.0"/>
  </properties>
  <testcase name="testAdd" classname="org.mikudd3.test.TestCourse" time="0.027">
    <error message="&#10;### Error updating database.  Cause: java.sql.SQLIntegrityConstraintViolationException: Duplicate entry &apos;8&apos; for key &apos;course.PRIMARY&apos;&#10;### The error may exist in org/mikudd3/mapper/CourseMapper.xml&#10;### The error may involve defaultParameterMap&#10;### The error occurred while setting parameters&#10;### SQL: insert into course(cNo,cName,teacher)         values (?,?,?);&#10;### Cause: java.sql.SQLIntegrityConstraintViolationException: Duplicate entry &apos;8&apos; for key &apos;course.PRIMARY&apos;" type="org.apache.ibatis.exceptions.PersistenceException"><![CDATA[org.apache.ibatis.exceptions.PersistenceException: 

### Error updating database.  Cause: java.sql.SQLIntegrityConstraintViolationException: Duplicate entry '8' for key 'course.PRIMARY'
### The error may exist in org/mikudd3/mapper/CourseMapper.xml
### The error may involve defaultParameterMap
### The error occurred while setting parameters
### SQL: insert into course(cNo,cName,teacher)         values (?,?,?);
### Cause: java.sql.SQLIntegrityConstraintViolationException: Duplicate entry '8' for key 'course.PRIMARY'
	at org.apache.ibatis.exceptions.ExceptionFactory.wrapException(ExceptionFactory.java:30)
	at org.apache.ibatis.session.defaults.DefaultSqlSession.update(DefaultSqlSession.java:199)
	at org.apache.ibatis.session.defaults.DefaultSqlSession.insert(DefaultSqlSession.java:184)
	at org.apache.ibatis.binding.MapperMethod.execute(MapperMethod.java:62)
	at org.apache.ibatis.binding.MapperProxy$PlainMethodInvoker.invoke(MapperProxy.java:142)
	at org.apache.ibatis.binding.MapperProxy.invoke(MapperProxy.java:86)
	at jdk.proxy2/jdk.proxy2.$Proxy12.add(Unknown Source)
	at org.mikudd3.test.TestCourse.testAdd(TestCourse.java:53)
	at java.base/jdk.internal.reflect.NativeMethodAccessorImpl.invoke0(Native Method)
	at java.base/jdk.internal.reflect.NativeMethodAccessorImpl.invoke(NativeMethodAccessorImpl.java:77)
	at java.base/jdk.internal.reflect.DelegatingMethodAccessorImpl.invoke(DelegatingMethodAccessorImpl.java:43)
	at java.base/java.lang.reflect.Method.invoke(Method.java:568)
	at org.junit.runners.model.FrameworkMethod$1.runReflectiveCall(FrameworkMethod.java:59)
	at org.junit.internal.runners.model.ReflectiveCallable.run(ReflectiveCallable.java:12)
	at org.junit.runners.model.FrameworkMethod.invokeExplosively(FrameworkMethod.java:56)
	at org.junit.internal.runners.statements.InvokeMethod.evaluate(InvokeMethod.java:17)
	at org.junit.runners.ParentRunner$3.evaluate(ParentRunner.java:306)
	at org.junit.runners.BlockJUnit4ClassRunner$1.evaluate(BlockJUnit4ClassRunner.java:100)
	at org.junit.runners.ParentRunner.runLeaf(ParentRunner.java:366)
	at org.junit.runners.BlockJUnit4ClassRunner.runChild(BlockJUnit4ClassRunner.java:103)
	at org.junit.runners.BlockJUnit4ClassRunner.runChild(BlockJUnit4ClassRunner.java:63)
	at org.junit.runners.ParentRunner$4.run(ParentRunner.java:331)
	at org.junit.runners.ParentRunner$1.schedule(ParentRunner.java:79)
	at org.junit.runners.ParentRunner.runChildren(ParentRunner.java:329)
	at org.junit.runners.ParentRunner.access$100(ParentRunner.java:66)
	at org.junit.runners.ParentRunner$2.evaluate(ParentRunner.java:293)
	at org.junit.internal.runners.statements.RunBefores.evaluate(RunBefores.java:26)
	at org.junit.runners.ParentRunner$3.evaluate(ParentRunner.java:306)
	at org.junit.runners.ParentRunner.run(ParentRunner.java:413)
	at org.apache.maven.surefire.junit4.JUnit4Provider.execute(JUnit4Provider.java:316)
	at org.apache.maven.surefire.junit4.JUnit4Provider.executeWithRerun(JUnit4Provider.java:240)
	at org.apache.maven.surefire.junit4.JUnit4Provider.executeTestSet(JUnit4Provider.java:214)
	at org.apache.maven.surefire.junit4.JUnit4Provider.invoke(JUnit4Provider.java:155)
	at org.apache.maven.surefire.booter.ForkedBooter.runSuitesInProcess(ForkedBooter.java:385)
	at org.apache.maven.surefire.booter.ForkedBooter.execute(ForkedBooter.java:162)
	at org.apache.maven.surefire.booter.ForkedBooter.run(ForkedBooter.java:507)
	at org.apache.maven.surefire.booter.ForkedBooter.main(ForkedBooter.java:495)
Caused by: java.sql.SQLIntegrityConstraintViolationException: Duplicate entry '8' for key 'course.PRIMARY'
	at com.mysql.cj.jdbc.exceptions.SQLError.createSQLException(SQLError.java:117)
	at com.mysql.cj.jdbc.exceptions.SQLExceptionsMapping.translateException(SQLExceptionsMapping.java:122)
	at com.mysql.cj.jdbc.ClientPreparedStatement.executeInternal(ClientPreparedStatement.java:916)
	at com.mysql.cj.jdbc.ClientPreparedStatement.execute(ClientPreparedStatement.java:354)
	at org.apache.ibatis.executor.statement.PreparedStatementHandler.update(PreparedStatementHandler.java:48)
	at org.apache.ibatis.executor.statement.RoutingStatementHandler.update(RoutingStatementHandler.java:75)
	at org.apache.ibatis.executor.SimpleExecutor.doUpdate(SimpleExecutor.java:50)
	at org.apache.ibatis.executor.BaseExecutor.update(BaseExecutor.java:117)
	at org.apache.ibatis.executor.CachingExecutor.update(CachingExecutor.java:76)
	at org.apache.ibatis.session.defaults.DefaultSqlSession.update(DefaultSqlSession.java:197)
	... 35 more
]]></error>
  </testcase>
  <testcase name="testQueryAll" classname="org.mikudd3.test.TestCourse" time="0.006">
    <system-out><![CDATA[Course{cNo=1, cName='软件测试', teacher='李珍'}
Course{cNo=2, cName='JAVA', teacher='王四'}
Course{cNo=3, cName='Python', teacher='汪流'}
Course{cNo=4, cName='C++', teacher='孙斌'}
Course{cNo=6, cName='C', teacher='李丽'}
Course{cNo=8, cName='web前端', teacher='张三'}
]]></system-out>
  </testcase>
  <testcase name="testDeleteById" classname="org.mikudd3.test.TestCourse" time="0">
    <error message="&#10;### Error updating database.  Cause: org.apache.ibatis.executor.ExecutorException: Executor was closed.&#10;### The error may exist in org/mikudd3/mapper/CourseMapper.xml&#10;### The error may involve org.mikudd3.mapper.CourseMapper.deleteById&#10;### The error occurred while executing an update&#10;### Cause: org.apache.ibatis.executor.ExecutorException: Executor was closed." type="org.apache.ibatis.exceptions.PersistenceException"><![CDATA[org.apache.ibatis.exceptions.PersistenceException: 

### Error updating database.  Cause: org.apache.ibatis.executor.ExecutorException: Executor was closed.
### The error may exist in org/mikudd3/mapper/CourseMapper.xml
### The error may involve org.mikudd3.mapper.CourseMapper.deleteById
### The error occurred while executing an update
### Cause: org.apache.ibatis.executor.ExecutorException: Executor was closed.
	at org.apache.ibatis.exceptions.ExceptionFactory.wrapException(ExceptionFactory.java:30)
	at org.apache.ibatis.session.defaults.DefaultSqlSession.update(DefaultSqlSession.java:199)
	at org.apache.ibatis.session.defaults.DefaultSqlSession.delete(DefaultSqlSession.java:212)
	at org.apache.ibatis.binding.MapperMethod.execute(MapperMethod.java:72)
	at org.apache.ibatis.binding.MapperProxy$PlainMethodInvoker.invoke(MapperProxy.java:142)
	at org.apache.ibatis.binding.MapperProxy.invoke(MapperProxy.java:86)
	at jdk.proxy2/jdk.proxy2.$Proxy12.deleteById(Unknown Source)
	at org.mikudd3.test.TestCourse.testDeleteById(TestCourse.java:70)
	at java.base/jdk.internal.reflect.NativeMethodAccessorImpl.invoke0(Native Method)
	at java.base/jdk.internal.reflect.NativeMethodAccessorImpl.invoke(NativeMethodAccessorImpl.java:77)
	at java.base/jdk.internal.reflect.DelegatingMethodAccessorImpl.invoke(DelegatingMethodAccessorImpl.java:43)
	at java.base/java.lang.reflect.Method.invoke(Method.java:568)
	at org.junit.runners.model.FrameworkMethod$1.runReflectiveCall(FrameworkMethod.java:59)
	at org.junit.internal.runners.model.ReflectiveCallable.run(ReflectiveCallable.java:12)
	at org.junit.runners.model.FrameworkMethod.invokeExplosively(FrameworkMethod.java:56)
	at org.junit.internal.runners.statements.InvokeMethod.evaluate(InvokeMethod.java:17)
	at org.junit.runners.ParentRunner$3.evaluate(ParentRunner.java:306)
	at org.junit.runners.BlockJUnit4ClassRunner$1.evaluate(BlockJUnit4ClassRunner.java:100)
	at org.junit.runners.ParentRunner.runLeaf(ParentRunner.java:366)
	at org.junit.runners.BlockJUnit4ClassRunner.runChild(BlockJUnit4ClassRunner.java:103)
	at org.junit.runners.BlockJUnit4ClassRunner.runChild(BlockJUnit4ClassRunner.java:63)
	at org.junit.runners.ParentRunner$4.run(ParentRunner.java:331)
	at org.junit.runners.ParentRunner$1.schedule(ParentRunner.java:79)
	at org.junit.runners.ParentRunner.runChildren(ParentRunner.java:329)
	at org.junit.runners.ParentRunner.access$100(ParentRunner.java:66)
	at org.junit.runners.ParentRunner$2.evaluate(ParentRunner.java:293)
	at org.junit.internal.runners.statements.RunBefores.evaluate(RunBefores.java:26)
	at org.junit.runners.ParentRunner$3.evaluate(ParentRunner.java:306)
	at org.junit.runners.ParentRunner.run(ParentRunner.java:413)
	at org.apache.maven.surefire.junit4.JUnit4Provider.execute(JUnit4Provider.java:316)
	at org.apache.maven.surefire.junit4.JUnit4Provider.executeWithRerun(JUnit4Provider.java:240)
	at org.apache.maven.surefire.junit4.JUnit4Provider.executeTestSet(JUnit4Provider.java:214)
	at org.apache.maven.surefire.junit4.JUnit4Provider.invoke(JUnit4Provider.java:155)
	at org.apache.maven.surefire.booter.ForkedBooter.runSuitesInProcess(ForkedBooter.java:385)
	at org.apache.maven.surefire.booter.ForkedBooter.execute(ForkedBooter.java:162)
	at org.apache.maven.surefire.booter.ForkedBooter.run(ForkedBooter.java:507)
	at org.apache.maven.surefire.booter.ForkedBooter.main(ForkedBooter.java:495)
Caused by: org.apache.ibatis.executor.ExecutorException: Executor was closed.
	at org.apache.ibatis.executor.BaseExecutor.update(BaseExecutor.java:114)
	at org.apache.ibatis.executor.CachingExecutor.update(CachingExecutor.java:76)
	at org.apache.ibatis.session.defaults.DefaultSqlSession.update(DefaultSqlSession.java:197)
	... 35 more
]]></error>
  </testcase>
  <testcase name="testUpdate" classname="org.mikudd3.test.TestCourse" time="0">
    <error message="&#10;### Error updating database.  Cause: org.apache.ibatis.executor.ExecutorException: Executor was closed.&#10;### The error may exist in org/mikudd3/mapper/CourseMapper.xml&#10;### The error may involve org.mikudd3.mapper.CourseMapper.update&#10;### The error occurred while executing an update&#10;### Cause: org.apache.ibatis.executor.ExecutorException: Executor was closed." type="org.apache.ibatis.exceptions.PersistenceException"><![CDATA[org.apache.ibatis.exceptions.PersistenceException: 

### Error updating database.  Cause: org.apache.ibatis.executor.ExecutorException: Executor was closed.
### The error may exist in org/mikudd3/mapper/CourseMapper.xml
### The error may involve org.mikudd3.mapper.CourseMapper.update
### The error occurred while executing an update
### Cause: org.apache.ibatis.executor.ExecutorException: Executor was closed.
	at org.apache.ibatis.exceptions.ExceptionFactory.wrapException(ExceptionFactory.java:30)
	at org.apache.ibatis.session.defaults.DefaultSqlSession.update(DefaultSqlSession.java:199)
	at org.apache.ibatis.binding.MapperMethod.execute(MapperMethod.java:67)
	at org.apache.ibatis.binding.MapperProxy$PlainMethodInvoker.invoke(MapperProxy.java:142)
	at org.apache.ibatis.binding.MapperProxy.invoke(MapperProxy.java:86)
	at jdk.proxy2/jdk.proxy2.$Proxy12.update(Unknown Source)
	at org.mikudd3.test.TestCourse.testUpdate(TestCourse.java:62)
	at java.base/jdk.internal.reflect.NativeMethodAccessorImpl.invoke0(Native Method)
	at java.base/jdk.internal.reflect.NativeMethodAccessorImpl.invoke(NativeMethodAccessorImpl.java:77)
	at java.base/jdk.internal.reflect.DelegatingMethodAccessorImpl.invoke(DelegatingMethodAccessorImpl.java:43)
	at java.base/java.lang.reflect.Method.invoke(Method.java:568)
	at org.junit.runners.model.FrameworkMethod$1.runReflectiveCall(FrameworkMethod.java:59)
	at org.junit.internal.runners.model.ReflectiveCallable.run(ReflectiveCallable.java:12)
	at org.junit.runners.model.FrameworkMethod.invokeExplosively(FrameworkMethod.java:56)
	at org.junit.internal.runners.statements.InvokeMethod.evaluate(InvokeMethod.java:17)
	at org.junit.runners.ParentRunner$3.evaluate(ParentRunner.java:306)
	at org.junit.runners.BlockJUnit4ClassRunner$1.evaluate(BlockJUnit4ClassRunner.java:100)
	at org.junit.runners.ParentRunner.runLeaf(ParentRunner.java:366)
	at org.junit.runners.BlockJUnit4ClassRunner.runChild(BlockJUnit4ClassRunner.java:103)
	at org.junit.runners.BlockJUnit4ClassRunner.runChild(BlockJUnit4ClassRunner.java:63)
	at org.junit.runners.ParentRunner$4.run(ParentRunner.java:331)
	at org.junit.runners.ParentRunner$1.schedule(ParentRunner.java:79)
	at org.junit.runners.ParentRunner.runChildren(ParentRunner.java:329)
	at org.junit.runners.ParentRunner.access$100(ParentRunner.java:66)
	at org.junit.runners.ParentRunner$2.evaluate(ParentRunner.java:293)
	at org.junit.internal.runners.statements.RunBefores.evaluate(RunBefores.java:26)
	at org.junit.runners.ParentRunner$3.evaluate(ParentRunner.java:306)
	at org.junit.runners.ParentRunner.run(ParentRunner.java:413)
	at org.apache.maven.surefire.junit4.JUnit4Provider.execute(JUnit4Provider.java:316)
	at org.apache.maven.surefire.junit4.JUnit4Provider.executeWithRerun(JUnit4Provider.java:240)
	at org.apache.maven.surefire.junit4.JUnit4Provider.executeTestSet(JUnit4Provider.java:214)
	at org.apache.maven.surefire.junit4.JUnit4Provider.invoke(JUnit4Provider.java:155)
	at org.apache.maven.surefire.booter.ForkedBooter.runSuitesInProcess(ForkedBooter.java:385)
	at org.apache.maven.surefire.booter.ForkedBooter.execute(ForkedBooter.java:162)
	at org.apache.maven.surefire.booter.ForkedBooter.run(ForkedBooter.java:507)
	at org.apache.maven.surefire.booter.ForkedBooter.main(ForkedBooter.java:495)
Caused by: org.apache.ibatis.executor.ExecutorException: Executor was closed.
	at org.apache.ibatis.executor.BaseExecutor.update(BaseExecutor.java:114)
	at org.apache.ibatis.executor.CachingExecutor.update(CachingExecutor.java:76)
	at org.apache.ibatis.session.defaults.DefaultSqlSession.update(DefaultSqlSession.java:197)
	... 34 more
]]></error>
  </testcase>
</testsuite>